<?xml version="1.0" encoding="UTF-8"?>
<!-- Generated by org.testng.reporters.JUnitReportReporter -->
<testsuite hostname="ELDEN-QA6L" failures="0" tests="1" name="org.Test.TestingScripts.TC3" time="18.735" errors="0" timestamp="14 Jul 2022 09:23:20 GMT">
  <testcase classname="org.Test.TestingScripts.TC3" name="clickOnSubscription" time="18.735"/>
</testsuite> <!-- org.Test.TestingScripts.TC3 -->
