<?xml version="1.0" encoding="UTF-8"?>
<!-- Generated by org.testng.reporters.JUnitReportReporter -->
<testsuite hostname="ELDEN-QA6L" failures="0" tests="1" name="org.Test.TestingScripts.TC1" time="21.276" errors="0" timestamp="14 Jul 2022 09:25:44 GMT">
  <testcase classname="org.Test.TestingScripts.TC1" name="trendingVedios" time="21.276"/>
</testsuite> <!-- org.Test.TestingScripts.TC1 -->
