<?xml version="1.0" encoding="UTF-8"?>
<!-- Generated by org.testng.reporters.JUnitReportReporter -->
<testsuite hostname="ELDEN-QA6L" failures="0" tests="1" name="org.Test.TestingScripts.TC4" time="21.374" errors="0" timestamp="14 Jul 2022 09:26:18 GMT">
  <testcase classname="org.Test.TestingScripts.TC4" name="playVedio" time="21.374"/>
</testsuite> <!-- org.Test.TestingScripts.TC4 -->
